#
# A fatal error has been detected by the Java Runtime Environment:
#
#  Internal Error (javaClasses.cpp:136), pid=6156, tid=8684
#  fatal error: Invalid layout of preloaded class
#
# JRE version:  (7.0_45-b18) (build )
# Java VM: Java HotSpot(TM) 64-Bit Server VM (24.45-b08 mixed mode windows-amd64 compressed oops)
# Failed to write core dump. Minidumps are not enabled by default on client versions of Windows
#
# If you would like to submit a bug report, please visit:
#   http://bugreport.sun.com/bugreport/crash.jsp
#

---------------  T H R E A D  ---------------

Current thread (0x00000000023ce000):  JavaThread "Unknown thread" [_thread_in_vm, id=8684, stack(0x0000000002450000,0x0000000002550000)]

Stack: [0x0000000002450000,0x0000000002550000]

---------------  P R O C E S S  ---------------

Java Threads: ( => current thread )

Other Threads:

=>0x00000000023ce000 (exited) JavaThread "Unknown thread" [_thread_in_vm, id=8684, stack(0x0000000002450000,0x0000000002550000)]

VM state:not at safepoint (not fully initialized)

VM Mutex/Monitor currently owned by a thread: None

GC Heap History (0 events):
No events

Deoptimization events (0 events):
No events

Internal exceptions (0 events):
No events

Events (10 events):
Event: 0.024 loading class 0x0000000002596b50 done
Event: 0.024 loading class 0x0000000002596570 done
Event: 0.024 loading class 0x0000000002596550
Event: 0.024 loading class 0x000000000259e650
Event: 0.039 loading class 0x000000000259e650 done
Event: 0.039 loading class 0x000000000259e680
Event: 0.040 loading class 0x000000000259e680 done
Event: 0.040 loading class 0x000000000259e6b0
Event: 0.040 loading class 0x000000000259e6b0 done
Event: 0.040 loading class 0x0000000002596550 done


Dynamic libraries:
0x000007f7bb770000 - 0x000007f7bb7a3000 	C:\Program Files\Java\jdk1.7.0_45\bin\javaw.exe
0x000007fe57e80000 - 0x000007fe58040000 	C:\Windows\SYSTEM32\ntdll.dll
0x000007fe57b30000 - 0x000007fe57c67000 	C:\Windows\system32\KERNEL32.DLL
0x000007fe54de0000 - 0x000007fe54ed4000 	C:\Windows\system32\KERNELBASE.dll
0x000007fe57050000 - 0x000007fe5712e000 	C:\Windows\system32\ADVAPI32.dll
0x000007fe57130000 - 0x000007fe5727c000 	C:\Windows\system32\USER32.dll
0x000007fe51ee0000 - 0x000007fe5214a000 	C:\Windows\WinSxS\amd64_microsoft.windows.common-controls_6595b64144ccf1df_6.0.9200.16579_none_418ab7ef718b27ef\COMCTL32.dll
0x000007fe574a0000 - 0x000007fe57545000 	C:\Windows\system32\msvcrt.dll
0x000007fe56a10000 - 0x000007fe56a58000 	C:\Windows\SYSTEM32\sechost.dll
0x000007fe57d20000 - 0x000007fe57e65000 	C:\Windows\system32\RPCRT4.dll
0x000007fe56da0000 - 0x000007fe56ee1000 	C:\Windows\system32\GDI32.dll
0x000007fe55270000 - 0x000007fe552a9000 	C:\Windows\system32\IMM32.DLL
0x000007fe56a60000 - 0x000007fe56b76000 	C:\Windows\system32\MSCTF.dll
0x0000000075f60000 - 0x0000000076032000 	C:\Program Files\Java\jdk1.7.0_45\jre\bin\msvcr100.dll
0x00000000755e0000 - 0x0000000075da9000 	C:\Program Files\Java\jdk1.7.0_45\jre\bin\server\jvm.dll
0x000007fe4b4e0000 - 0x000007fe4b4e9000 	C:\Windows\SYSTEM32\WSOCK32.dll
0x000007fe53010000 - 0x000007fe53030000 	C:\Windows\SYSTEM32\WINMM.dll
0x000007fe57a50000 - 0x000007fe57a57000 	C:\Windows\system32\PSAPI.DLL
0x000007fe56ba0000 - 0x000007fe56bf8000 	C:\Windows\system32\WS2_32.dll
0x000007fe52fd0000 - 0x000007fe53003000 	C:\Windows\SYSTEM32\WINMMBASE.dll
0x000007fe56b90000 - 0x000007fe56b99000 	C:\Windows\system32\NSI.dll
0x000007fe54f40000 - 0x000007fe54f8f000 	C:\Windows\SYSTEM32\cfgmgr32.dll
0x000007fe54f90000 - 0x000007fe54fb2000 	C:\Windows\system32\DEVOBJ.dll
0x0000000075f50000 - 0x0000000075f5f000 	C:\Program Files\Java\jdk1.7.0_45\jre\bin\verify.dll
0x0000000075f20000 - 0x0000000075f48000 	C:\Program Files\Java\jdk1.7.0_45\jre\bin\java.dll
0x0000000074af0000 - 0x0000000074b05000 	C:\Program Files\Java\jdk1.7.0_45\jre\bin\zip.dll

VM Arguments:
jvm_args: -Dfile.encoding=Cp1252 -Xbootclasspath:C:\adt-bundle-windows-x86_64-20130917\sdk\platforms\android-19\android.jar 
java_command: org.eclipse.jdt.internal.junit.runner.RemoteTestRunner -version 3 -port 51669 -testLoaderClass org.eclipse.jdt.internal.junit.runner.junit3.JUnit3TestLoader -loaderpluginname org.eclipse.jdt.junit.runtime -classNames com.handyapps.stocktracker2.TestRandomNum
Launcher Type: SUN_STANDARD

Environment Variables:
JAVA_HOME=C:\Program Files\Java\jdk1.7.0_45
CLASSPATH=.;C:\Program Files (x86)\QuickTime\QTSystem\QTJava.zip
PATH=C:\Program Files (x86)\Intel\iCLS Client\;C:\Program Files\Intel\iCLS Client\;C:\Windows\system32;C:\Windows;C:\Windows\System32\Wbem;C:\Windows\System32\WindowsPowerShell\v1.0\;C:\Program Files (x86)\Windows Live\Shared;C:\Program Files (x86)\Intel\OpenCL SDK\2.0\bin\x86;C:\Program Files (x86)\Intel\OpenCL SDK\2.0\bin\x64;C:\Program Files\Intel\Intel(R) Management Engine Components\DAL;C:\Program Files\Intel\Intel(R) Management Engine Components\IPT;C:\Program Files (x86)\Intel\Intel(R) Management Engine Components\DAL;C:\Program Files (x86)\Intel\Intel(R) Management Engine Components\IPT;C:\Program Files (x86)\QuickTime\QTSystem\;C:\Program Files (x86)\gs\gs9.09\lib;C:\Program Files (x86)\gs\gs9.09\bin;C:\Program Files (x86)\gs\gs9.09;C:\Program Files (x86)\MySQL\MySQL Utilities 1.3.6\;C:\apache-maven-3.2.1\bin;C:\Program Files\Java\jdk1.7.0_45\bin
USERNAME=Sarah
OS=Windows_NT
PROCESSOR_IDENTIFIER=Intel64 Family 6 Model 58 Stepping 9, GenuineIntel



---------------  S Y S T E M  ---------------

OS: Windows 8 , 64 bit Build 9200 

CPU:total 4 (2 cores per cpu, 2 threads per core) family 6 model 58 stepping 9, cmov, cx8, fxsr, mmx, sse, sse2, sse3, ssse3, sse4.1, sse4.2, popcnt, avx, aes, erms, ht, tsc, tscinvbit, tscinv

Memory: 4k page, physical 8285464k(3551440k free), swap 18246936k(7720648k free)

vm_info: Java HotSpot(TM) 64-Bit Server VM (24.45-b08) for windows-amd64 JRE (1.7.0_45-b18), built on Oct  8 2013 05:47:22 by "java_re" with unknown MS VC++:1600

time: Tue Jul 22 11:00:58 2014
elapsed time: 0 seconds

